<?xml version="1.0" encoding="UTF-8"?>
<!-- Generated by org.testng.reporters.JUnitXMLReporter -->
<testsuite hostname="Anups-MacBook-Pro.local" ignored="0" name="Default test" tests="3" failures="0" timestamp="21 Aug 2018 07:11:10 GMT" time="22.996" errors="0">
  <testcase name="HomePageTitle" time="0.029" classname="cpm.qa.testpages.HomePageTest"/>
  <testcase name="Scrollthepage" time="0.012" classname="cpm.qa.testpages.HomePageTest"/>
  <testcase name="ValidateHomePageLogo" time="0.04" classname="cpm.qa.testpages.HomePageTest"/>
</testsuite> <!-- Default test -->
