<?xml version="1.0" encoding="UTF-8"?>
<testng-results skipped="0" failed="0" ignored="0" total="3" passed="3">
  <reporter-output>
  </reporter-output>
  <suite name="Default suite" duration-ms="22996" started-at="2018-08-21T07:10:47Z" finished-at="2018-08-21T07:11:10Z">
    <groups>
    </groups>
    <test name="Default test" duration-ms="22996" started-at="2018-08-21T07:10:47Z" finished-at="2018-08-21T07:11:10Z">
      <class name="cpm.qa.testpages.HomePageTest">
        <test-method status="PASS" signature="setup()[pri:0, instance:cpm.qa.testpages.HomePageTest@1b26f7b2]" name="setup" is-config="true" duration-ms="8180" started-at="2018-08-21T07:10:47Z" finished-at="2018-08-21T07:10:55Z">
          <reporter-output>
          </reporter-output>
        </test-method> <!-- setup -->
        <test-method status="PASS" signature="HomePageTitle()[pri:0, instance:cpm.qa.testpages.HomePageTest@1b26f7b2]" name="HomePageTitle" duration-ms="29" started-at="2018-08-21T07:10:55Z" finished-at="2018-08-21T07:10:55Z">
          <reporter-output>
          </reporter-output>
        </test-method> <!-- HomePageTitle -->
        <test-method status="PASS" signature="tearDrown()[pri:0, instance:cpm.qa.testpages.HomePageTest@1b26f7b2]" name="tearDrown" is-config="true" duration-ms="90" started-at="2018-08-21T07:10:55Z" finished-at="2018-08-21T07:10:55Z">
          <reporter-output>
          </reporter-output>
        </test-method> <!-- tearDrown -->
        <test-method status="PASS" signature="setup()[pri:0, instance:cpm.qa.testpages.HomePageTest@1b26f7b2]" name="setup" is-config="true" duration-ms="7098" started-at="2018-08-21T07:10:55Z" finished-at="2018-08-21T07:11:02Z">
          <reporter-output>
          </reporter-output>
        </test-method> <!-- setup -->
        <test-method status="PASS" signature="Scrollthepage()[pri:0, instance:cpm.qa.testpages.HomePageTest@1b26f7b2]" name="Scrollthepage" duration-ms="12" started-at="2018-08-21T07:11:02Z" finished-at="2018-08-21T07:11:02Z">
          <reporter-output>
          </reporter-output>
        </test-method> <!-- Scrollthepage -->
        <test-method status="PASS" signature="tearDrown()[pri:0, instance:cpm.qa.testpages.HomePageTest@1b26f7b2]" name="tearDrown" is-config="true" duration-ms="90" started-at="2018-08-21T07:11:03Z" finished-at="2018-08-21T07:11:03Z">
          <reporter-output>
          </reporter-output>
        </test-method> <!-- tearDrown -->
        <test-method status="PASS" signature="setup()[pri:0, instance:cpm.qa.testpages.HomePageTest@1b26f7b2]" name="setup" is-config="true" duration-ms="7320" started-at="2018-08-21T07:11:03Z" finished-at="2018-08-21T07:11:10Z">
          <reporter-output>
          </reporter-output>
        </test-method> <!-- setup -->
        <test-method status="PASS" signature="ValidateHomePageLogo()[pri:0, instance:cpm.qa.testpages.HomePageTest@1b26f7b2]" name="ValidateHomePageLogo" duration-ms="40" started-at="2018-08-21T07:11:10Z" finished-at="2018-08-21T07:11:10Z">
          <reporter-output>
          </reporter-output>
        </test-method> <!-- ValidateHomePageLogo -->
        <test-method status="PASS" signature="tearDrown()[pri:0, instance:cpm.qa.testpages.HomePageTest@1b26f7b2]" name="tearDrown" is-config="true" duration-ms="89" started-at="2018-08-21T07:11:10Z" finished-at="2018-08-21T07:11:10Z">
          <reporter-output>
          </reporter-output>
        </test-method> <!-- tearDrown -->
      </class> <!-- cpm.qa.testpages.HomePageTest -->
    </test> <!-- Default test -->
  </suite> <!-- Default suite -->
</testng-results>
